2026-02-14 15:19:37,732 - INFO - Patients cleaned successfully
2026-02-14 15:19:37,741 - INFO - Prescriptions cleaned successfully
2026-02-14 15:30:54,058 - INFO - Patients cleaned successfully
2026-02-14 15:30:54,069 - INFO - Prescriptions cleaned successfully
2026-02-14 15:33:19,832 - INFO - Patients cleaned successfully
2026-02-14 15:33:19,837 - INFO - Prescriptions cleaned successfully
2026-02-14 15:55:57,842 - INFO - Patients cleaned successfully
2026-02-14 15:55:57,847 - INFO - Prescriptions cleaned successfully
2026-02-14 16:08:07,488 - INFO - Prescriptions cleaned successfully
2026-02-14 16:10:07,375 - INFO - Patients cleaned successfully
2026-02-14 16:10:07,379 - INFO - Prescriptions cleaned successfully
2026-02-14 16:26:44,079 - INFO - Patients cleaned successfully
2026-02-14 16:26:44,086 - INFO - Prescriptions cleaned successfully
2026-02-14 16:31:08,458 - INFO - Patients cleaned successfully
2026-02-14 16:31:08,461 - INFO - Prescriptions cleaned successfully
2026-02-14 16:32:43,260 - INFO - Patients cleaned successfully
2026-02-14 16:32:43,263 - INFO - Prescriptions cleaned successfully
2026-02-14 16:37:44,555 - INFO - Patients cleaned successfully
2026-02-14 16:37:44,561 - INFO - Prescriptions cleaned successfully
2026-02-14 16:43:11,020 - INFO - Patients cleaned successfully
2026-02-14 16:43:11,023 - INFO - Prescriptions cleaned successfully
2026-02-14 16:43:11,224 - INFO - Data inserted into patients successfully
2026-02-14 16:43:11,295 - INFO - Data inserted into doctors successfully
2026-02-14 16:43:11,352 - INFO - Data inserted into medicines successfully
2026-02-14 16:43:11,420 - INFO - Data inserted into prescriptions successfully
2026-02-14 16:47:16,106 - INFO - Patients cleaned successfully
2026-02-14 16:47:16,109 - INFO - Prescriptions cleaned successfully
